<?xml version="1.0" encoding="UTF-8"?>
<!-- Generated by org.testng.reporters.JUnitReportReporter -->
<testsuite hostname="DESKTOP-H8OLTV7" name="team9.RegisterTest" tests="1" failures="0" timestamp="28 Jan 2019 18:39:26 GMT" time="64.122" errors="0">
  <testcase name="testRegister_ExistUsername" time="64.122" classname="team9.RegisterTest"/>
</testsuite> <!-- team9.RegisterTest -->
