<?xml version="1.0" encoding="UTF-8"?>
<!-- Generated by org.testng.reporters.JUnitReportReporter -->
<testsuite hostname="Vule" name="team9.StationTests" tests="1" failures="0" timestamp="28 Jan 2019 18:18:59 GMT" time="22.342" errors="0">
  <testcase name="testUpdateStation_allFine" time="22.342" classname="team9.StationTests"/>
</testsuite> <!-- team9.StationTests -->
