<?xml version="1.0" encoding="UTF-8"?>
<!-- Generated by org.testng.reporters.JUnitReportReporter -->
<testsuite hostname="DESKTOP-H8OLTV7" name="team9.EditUserTest" tests="1" failures="0" timestamp="28 Jan 2019 19:26:08 GMT" time="99.679" errors="0">
  <testcase name="test_EditSuccess" time="99.679" classname="team9.EditUserTest"/>
</testsuite> <!-- team9.EditUserTest -->
