<?xml version="1.0" encoding="UTF-8"?>
<!-- Generated by org.testng.reporters.JUnitReportReporter -->
<testsuite hostname="DESKTOP-H8OLTV7" name="team9.LoginTest" tests="3" failures="0" timestamp="28 Jan 2019 18:55:51 GMT" time="125.166" errors="0">
  <testcase name="testLogin_wrongUsernameOrPassword" time="25.075" classname="team9.LoginTest"/>
  <testcase name="testLogout" time="68.293" classname="team9.LoginTest"/>
  <testcase name="testLogin_success" time="31.798" classname="team9.LoginTest"/>
</testsuite> <!-- team9.LoginTest -->
