<?xml version="1.0" encoding="UTF-8"?>
<!-- Generated by org.testng.reporters.JUnitReportReporter -->
<testsuite hostname="Vule" name="team9.LoginTest" tests="1" failures="0" timestamp="28 Jan 2019 07:21:47 GMT" time="13.691" errors="0">
  <testcase name="testLogin_success" time="13.691" classname="team9.LoginTest"/>
</testsuite> <!-- team9.LoginTest -->
